<?xml version="1.0" encoding="UTF-8"?>
<!-- Generated by org.testng.reporters.JUnitXMLReporter -->
<testsuite ignored="0" hostname="LAPTOP-116NDJE9" failures="1" tests="2" name="Login Test" time="25.051" errors="0" timestamp="2024-10-15T20:40:27 IST">
  <testcase classname="com.demoshop.test.LoginTest" name="verifyUserIsAbleToLoginWithValidCreds" time="3.554">
    <skipped/>
  </testcase> <!-- verifyUserIsAbleToLoginWithValidCreds -->
  <testcase classname="com.demoshop.test.LoginTest" name="verifyUserIsAbleToLoginWithValidCreds" time="1.908">
    <failure type="java.lang.AssertionError" message="Logged Email is not matching expected [obsqura24@gmail.com] but found [mnfgh]">
      <![CDATA[java.lang.AssertionError: Logged Email is not matching expected [obsqura24@gmail.com] but found [mnfgh]
at com.demoshop.test.LoginTest.verifyUserIsAbleToLoginWithValidCreds(LoginTest.java:17)
at java.base/java.util.ArrayList.forEach(ArrayList.java:1511)
at java.base/java.util.concurrent.FutureTask.run(FutureTask.java:264)
at java.base/java.util.concurrent.ThreadPoolExecutor.runWorker(ThreadPoolExecutor.java:1136)
at java.base/java.util.concurrent.ThreadPoolExecutor$Worker.run(ThreadPoolExecutor.java:635)
at java.base/java.lang.Thread.run(Thread.java:842)
... Removed 22 stack frames]]>
    </failure>
  </testcase> <!-- verifyUserIsAbleToLoginWithValidCreds -->
</testsuite> <!-- Login Test -->
