<?xml version="1.0" encoding="UTF-8"?>
<testng-results ignored="0" total="9" passed="9" failed="0" skipped="0">
  <reporter-output>
  </reporter-output>
  <suite started-at="2024-10-14T18:08:37 IST" name="Suite" finished-at="2024-10-14T18:10:03 IST" duration-ms="86804">
    <groups>
      <group name="Smoke">
        <method signature="SubscriptionTest.verifyUserIsAbleToSubscribeWithValidEmail()[pri:0, instance:com.demoshop.test.SubscriptionTest@15a34df2]" name="verifyUserIsAbleToSubscribeWithValidEmail" class="com.demoshop.test.SubscriptionTest"/>
        <method signature="E2ECheckoutTest.verifyNewUserRegistersAndCheckoutProduct()[pri:0, instance:com.demoshop.test.E2ECheckoutTest@333d4a8c]" name="verifyNewUserRegistersAndCheckoutProduct" class="com.demoshop.test.E2ECheckoutTest"/>
      </group> <!-- Smoke -->
    </groups>
    <test started-at="2024-10-14T18:08:37 IST" name="Search Test" finished-at="2024-10-14T18:09:07 IST" duration-ms="30258">
      <class name="com.demoshop.test.SearchTest">
        <test-method is-config="true" signature="initDriver(java.lang.String)[pri:0, instance:com.demoshop.test.SearchTest@3ba987b8]" started-at="2024-10-14T18:08:37 IST" name="initDriver" finished-at="2024-10-14T18:08:53 IST" duration-ms="16522" status="PASS">
          <params>
            <param index="0">
              <value is-null="true"/>
            </param>
          </params>
          <reporter-output>
          </reporter-output>
        </test-method> <!-- initDriver -->
        <test-method signature="verifyUserIsAbletoSearchDesiredProducts()[pri:0, instance:com.demoshop.test.SearchTest@3ba987b8]" started-at="2024-10-14T18:08:53 IST" name="verifyUserIsAbletoSearchDesiredProducts" finished-at="2024-10-14T18:09:00 IST" duration-ms="6549" status="PASS">
          <reporter-output>
          </reporter-output>
        </test-method> <!-- verifyUserIsAbletoSearchDesiredProducts -->
        <test-method is-config="true" signature="tearDown()[pri:0, instance:com.demoshop.test.SearchTest@3ba987b8]" started-at="2024-10-14T18:09:00 IST" name="tearDown" finished-at="2024-10-14T18:09:07 IST" duration-ms="7111" status="PASS">
          <reporter-output>
          </reporter-output>
        </test-method> <!-- tearDown -->
      </class> <!-- com.demoshop.test.SearchTest -->
    </test> <!-- Search Test -->
    <test started-at="2024-10-14T18:08:37 IST" name="Excel Registeration" finished-at="2024-10-14T18:09:07 IST" duration-ms="30270">
      <class name="com.demoshop.test.ExcelRegisterationTest">
        <test-method is-config="true" signature="initDriver(java.lang.String)[pri:0, instance:com.demoshop.test.ExcelRegisterationTest@eadd4fb]" started-at="2024-10-14T18:08:37 IST" name="initDriver" finished-at="2024-10-14T18:08:54 IST" duration-ms="17039" status="PASS">
          <params>
            <param index="0">
              <value is-null="true"/>
            </param>
          </params>
          <reporter-output>
          </reporter-output>
        </test-method> <!-- initDriver -->
        <test-method signature="verifyUserIsAbleToRegisterUsingCorrectCreds()[pri:0, instance:com.demoshop.test.ExcelRegisterationTest@eadd4fb]" started-at="2024-10-14T18:08:54 IST" name="verifyUserIsAbleToRegisterUsingCorrectCreds" finished-at="2024-10-14T18:09:03 IST" duration-ms="9570" status="PASS">
          <reporter-output>
          </reporter-output>
        </test-method> <!-- verifyUserIsAbleToRegisterUsingCorrectCreds -->
        <test-method is-config="true" signature="tearDown()[pri:0, instance:com.demoshop.test.ExcelRegisterationTest@eadd4fb]" started-at="2024-10-14T18:09:03 IST" name="tearDown" finished-at="2024-10-14T18:09:07 IST" duration-ms="3584" status="PASS">
          <reporter-output>
          </reporter-output>
        </test-method> <!-- tearDown -->
      </class> <!-- com.demoshop.test.ExcelRegisterationTest -->
    </test> <!-- Excel Registeration -->
    <test started-at="2024-10-14T18:08:37 IST" name="Registeration Test" finished-at="2024-10-14T18:09:05 IST" duration-ms="28645">
      <class name="com.demoshop.test.RegisterationTest">
        <test-method is-config="true" signature="initDriver(java.lang.String)[pri:0, instance:com.demoshop.test.RegisterationTest@6cb107fd]" started-at="2024-10-14T18:08:37 IST" name="initDriver" finished-at="2024-10-14T18:08:53 IST" duration-ms="15830" status="PASS">
          <params>
            <param index="0">
              <value is-null="true"/>
            </param>
          </params>
          <reporter-output>
          </reporter-output>
        </test-method> <!-- initDriver -->
        <test-method signature="verifyUserIsAbleToRegisterUsingCorrectCredsFromExcel()[pri:0, instance:com.demoshop.test.RegisterationTest@6cb107fd]" started-at="2024-10-14T18:08:53 IST" name="verifyUserIsAbleToRegisterUsingCorrectCredsFromExcel" finished-at="2024-10-14T18:09:03 IST" duration-ms="10018" status="PASS">
          <reporter-output>
          </reporter-output>
        </test-method> <!-- verifyUserIsAbleToRegisterUsingCorrectCredsFromExcel -->
        <test-method is-config="true" signature="tearDown()[pri:0, instance:com.demoshop.test.RegisterationTest@6cb107fd]" started-at="2024-10-14T18:09:03 IST" name="tearDown" finished-at="2024-10-14T18:09:05 IST" duration-ms="2262" status="PASS">
          <reporter-output>
          </reporter-output>
        </test-method> <!-- tearDown -->
      </class> <!-- com.demoshop.test.RegisterationTest -->
    </test> <!-- Registeration Test -->
    <test started-at="2024-10-14T18:08:37 IST" name="DataProviderRegisteration" finished-at="2024-10-14T18:09:25 IST" duration-ms="47908">
      <class name="com.demoshop.test.RegisterationDP">
        <test-method is-config="true" signature="initDriver(java.lang.String)[pri:0, instance:com.demoshop.test.RegisterationDP@5965d37]" started-at="2024-10-14T18:08:37 IST" name="initDriver" finished-at="2024-10-14T18:08:53 IST" duration-ms="16200" status="PASS">
          <params>
            <param index="0">
              <value is-null="true"/>
            </param>
          </params>
          <reporter-output>
          </reporter-output>
        </test-method> <!-- initDriver -->
        <test-method signature="verifyUserIsAbleToMultipleRegisterUsingCorrectCreds(java.lang.String,java.lang.String,java.lang.String,java.lang.String)[pri:0, instance:com.demoshop.test.RegisterationDP@5965d37]" started-at="2024-10-14T18:08:53 IST" name="verifyUserIsAbleToMultipleRegisterUsingCorrectCreds" data-provider="getData" finished-at="2024-10-14T18:09:04 IST" duration-ms="10190" status="PASS">
          <params>
            <param index="0">
              <value>
                <![CDATA[Donetta]]>
              </value>
            </param>
            <param index="1">
              <value>
                <![CDATA[Armstrong]]>
              </value>
            </param>
            <param index="2">
              <value>
                <![CDATA[soo.wilkinson@hotmail.com]]>
              </value>
            </param>
            <param index="3">
              <value>
                <![CDATA[3smot8j24y6zkm]]>
              </value>
            </param>
          </params>
          <reporter-output>
          </reporter-output>
        </test-method> <!-- verifyUserIsAbleToMultipleRegisterUsingCorrectCreds -->
        <test-method is-config="true" signature="tearDown()[pri:0, instance:com.demoshop.test.RegisterationDP@5965d37]" started-at="2024-10-14T18:09:04 IST" name="tearDown" finished-at="2024-10-14T18:09:25 IST" duration-ms="21014" status="PASS">
          <reporter-output>
          </reporter-output>
        </test-method> <!-- tearDown -->
      </class> <!-- com.demoshop.test.RegisterationDP -->
    </test> <!-- DataProviderRegisteration -->
    <test started-at="2024-10-14T18:09:07 IST" name="Subscription Test" finished-at="2024-10-14T18:09:26 IST" duration-ms="18741">
      <class name="com.demoshop.test.SubscriptionTest">
        <test-method is-config="true" signature="initDriver(java.lang.String)[pri:0, instance:com.demoshop.test.SubscriptionTest@15a34df2]" started-at="2024-10-14T18:09:07 IST" name="initDriver" finished-at="2024-10-14T18:09:14 IST" duration-ms="6866" status="PASS">
          <params>
            <param index="0">
              <value is-null="true"/>
            </param>
          </params>
          <reporter-output>
          </reporter-output>
        </test-method> <!-- initDriver -->
        <test-method signature="verifyUserIsAbleToSubscribeWithValidEmail()[pri:0, instance:com.demoshop.test.SubscriptionTest@15a34df2]" started-at="2024-10-14T18:09:14 IST" name="verifyUserIsAbleToSubscribeWithValidEmail" finished-at="2024-10-14T18:09:23 IST" duration-ms="9076" status="PASS">
          <reporter-output>
          </reporter-output>
        </test-method> <!-- verifyUserIsAbleToSubscribeWithValidEmail -->
        <test-method is-config="true" signature="tearDown()[pri:0, instance:com.demoshop.test.SubscriptionTest@15a34df2]" started-at="2024-10-14T18:09:23 IST" name="tearDown" finished-at="2024-10-14T18:09:26 IST" duration-ms="2789" status="PASS">
          <reporter-output>
          </reporter-output>
        </test-method> <!-- tearDown -->
      </class> <!-- com.demoshop.test.SubscriptionTest -->
    </test> <!-- Subscription Test -->
    <test started-at="2024-10-14T18:08:37 IST" name="Rg DP2" finished-at="2024-10-14T18:09:29 IST" duration-ms="52054">
      <class name="com.demoshop.test.RegisterationDP2">
        <test-method is-config="true" signature="initDriver(java.lang.String)[pri:0, instance:com.demoshop.test.RegisterationDP2@239a307b]" started-at="2024-10-14T18:08:37 IST" name="initDriver" finished-at="2024-10-14T18:08:54 IST" duration-ms="16668" status="PASS">
          <params>
            <param index="0">
              <value is-null="true"/>
            </param>
          </params>
          <reporter-output>
          </reporter-output>
        </test-method> <!-- initDriver -->
        <test-method signature="verifyUserIsAbleToMultipleRegisterUsingCorrectCreds(java.util.List)[pri:0, instance:com.demoshop.test.RegisterationDP2@239a307b]" started-at="2024-10-14T18:08:54 IST" name="verifyUserIsAbleToMultipleRegisterUsingCorrectCreds" data-provider="getData" finished-at="2024-10-14T18:09:19 IST" duration-ms="25399" status="PASS">
          <params>
            <param index="0">
              <value>
                <![CDATA[[Person [fName=Patrick, lName=Grant, email=luba.hintz@yahoo.com, password=otftp1yzp, confirmPassword=otftp1yzp], Person [fName=Derek, lName=Pacocha, email=leo.wisozk@hotmail.com, password=otftp1yzp, confirmPassword=otftp1yzp]]]]>
              </value>
            </param>
          </params>
          <reporter-output>
          </reporter-output>
        </test-method> <!-- verifyUserIsAbleToMultipleRegisterUsingCorrectCreds -->
        <test-method is-config="true" signature="tearDown()[pri:0, instance:com.demoshop.test.RegisterationDP2@239a307b]" started-at="2024-10-14T18:09:19 IST" name="tearDown" finished-at="2024-10-14T18:09:29 IST" duration-ms="9489" status="PASS">
          <reporter-output>
          </reporter-output>
        </test-method> <!-- tearDown -->
      </class> <!-- com.demoshop.test.RegisterationDP2 -->
    </test> <!-- Rg DP2 -->
    <test started-at="2024-10-14T18:09:07 IST" name="Add To Cart Test" finished-at="2024-10-14T18:09:29 IST" duration-ms="21913">
      <class name="com.demoshop.test.AddToCartTest">
        <test-method is-config="true" signature="initDriver(java.lang.String)[pri:0, instance:com.demoshop.test.AddToCartTest@68c9d179]" started-at="2024-10-14T18:09:07 IST" name="initDriver" finished-at="2024-10-14T18:09:14 IST" duration-ms="6531" status="PASS">
          <params>
            <param index="0">
              <value is-null="true"/>
            </param>
          </params>
          <reporter-output>
          </reporter-output>
        </test-method> <!-- initDriver -->
        <test-method signature="verifyUserIsAbletoAddProductToCart()[pri:0, instance:com.demoshop.test.AddToCartTest@68c9d179]" started-at="2024-10-14T18:09:14 IST" name="verifyUserIsAbletoAddProductToCart" finished-at="2024-10-14T18:09:24 IST" duration-ms="10884" status="PASS">
          <reporter-output>
          </reporter-output>
        </test-method> <!-- verifyUserIsAbletoAddProductToCart -->
        <test-method is-config="true" signature="tearDown()[pri:0, instance:com.demoshop.test.AddToCartTest@68c9d179]" started-at="2024-10-14T18:09:24 IST" name="tearDown" finished-at="2024-10-14T18:09:29 IST" duration-ms="4495" status="PASS">
          <reporter-output>
          </reporter-output>
        </test-method> <!-- tearDown -->
      </class> <!-- com.demoshop.test.AddToCartTest -->
    </test> <!-- Add To Cart Test -->
    <test started-at="2024-10-14T18:09:25 IST" name="Remove Product Test" finished-at="2024-10-14T18:09:42 IST" duration-ms="16906">
      <class name="com.demoshop.test.RemoveProductTest">
        <test-method is-config="true" signature="initDriver(java.lang.String)[pri:0, instance:com.demoshop.test.RemoveProductTest@14fc5f04]" started-at="2024-10-14T18:09:25 IST" name="initDriver" finished-at="2024-10-14T18:09:29 IST" duration-ms="4605" status="PASS">
          <params>
            <param index="0">
              <value is-null="true"/>
            </param>
          </params>
          <reporter-output>
          </reporter-output>
        </test-method> <!-- initDriver -->
        <test-method signature="verifyUserIsAbletoRemoveProductFromCart()[pri:0, instance:com.demoshop.test.RemoveProductTest@14fc5f04]" started-at="2024-10-14T18:09:29 IST" name="verifyUserIsAbletoRemoveProductFromCart" finished-at="2024-10-14T18:09:41 IST" duration-ms="11652" status="PASS">
          <reporter-output>
          </reporter-output>
        </test-method> <!-- verifyUserIsAbletoRemoveProductFromCart -->
        <test-method is-config="true" signature="tearDown()[pri:0, instance:com.demoshop.test.RemoveProductTest@14fc5f04]" started-at="2024-10-14T18:09:41 IST" name="tearDown" finished-at="2024-10-14T18:09:42 IST" duration-ms="646" status="PASS">
          <reporter-output>
          </reporter-output>
        </test-method> <!-- tearDown -->
      </class> <!-- com.demoshop.test.RemoveProductTest -->
    </test> <!-- Remove Product Test -->
    <test started-at="2024-10-14T18:09:26 IST" name="E2E Test" finished-at="2024-10-14T18:10:03 IST" duration-ms="37702">
      <class name="com.demoshop.test.E2ECheckoutTest">
        <test-method is-config="true" signature="initDriver(java.lang.String)[pri:0, instance:com.demoshop.test.E2ECheckoutTest@333d4a8c]" started-at="2024-10-14T18:09:26 IST" name="initDriver" finished-at="2024-10-14T18:09:33 IST" duration-ms="7201" status="PASS">
          <params>
            <param index="0">
              <value is-null="true"/>
            </param>
          </params>
          <reporter-output>
          </reporter-output>
        </test-method> <!-- initDriver -->
        <test-method signature="verifyNewUserRegistersAndCheckoutProduct()[pri:0, instance:com.demoshop.test.E2ECheckoutTest@333d4a8c]" started-at="2024-10-14T18:09:33 IST" name="verifyNewUserRegistersAndCheckoutProduct" finished-at="2024-10-14T18:10:03 IST" duration-ms="30058" status="PASS">
          <reporter-output>
          </reporter-output>
        </test-method> <!-- verifyNewUserRegistersAndCheckoutProduct -->
        <test-method is-config="true" signature="tearDown()[pri:0, instance:com.demoshop.test.E2ECheckoutTest@333d4a8c]" started-at="2024-10-14T18:10:03 IST" name="tearDown" finished-at="2024-10-14T18:10:03 IST" duration-ms="428" status="PASS">
          <reporter-output>
          </reporter-output>
        </test-method> <!-- tearDown -->
      </class> <!-- com.demoshop.test.E2ECheckoutTest -->
    </test> <!-- E2E Test -->
  </suite> <!-- Suite -->
</testng-results>
