<?xml version="1.0" encoding="UTF-8"?>
<testng-results ignored="0" total="1" passed="1" failed="0" skipped="0">
  <reporter-output>
  </reporter-output>
  <suite started-at="2024-10-09T11:29:25 IST" name="Default suite" finished-at="2024-10-09T11:29:43 IST" duration-ms="17738">
    <groups>
    </groups>
    <test started-at="2024-10-09T11:29:25 IST" name="Default test" finished-at="2024-10-09T11:29:43 IST" duration-ms="17738">
      <class name="com.demoshop.test.E2ECheckoutTest">
        <test-method is-config="true" signature="initDriver()[pri:0, instance:com.demoshop.test.E2ECheckoutTest@72967906]" started-at="2024-10-09T11:29:25 IST" name="initDriver" finished-at="2024-10-09T11:29:31 IST" duration-ms="6295" status="PASS">
          <reporter-output>
          </reporter-output>
        </test-method> <!-- initDriver -->
        <test-method signature="verifyNewUserRegistersAndCheckoutProduct()[pri:0, instance:com.demoshop.test.E2ECheckoutTest@72967906]" started-at="2024-10-09T11:29:31 IST" name="verifyNewUserRegistersAndCheckoutProduct" finished-at="2024-10-09T11:29:42 IST" duration-ms="11102" status="PASS">
          <reporter-output>
          </reporter-output>
        </test-method> <!-- verifyNewUserRegistersAndCheckoutProduct -->
        <test-method is-config="true" signature="tearDown()[pri:0, instance:com.demoshop.test.E2ECheckoutTest@72967906]" started-at="2024-10-09T11:29:42 IST" name="tearDown" finished-at="2024-10-09T11:29:43 IST" duration-ms="274" status="PASS">
          <reporter-output>
          </reporter-output>
        </test-method> <!-- tearDown -->
      </class> <!-- com.demoshop.test.E2ECheckoutTest -->
    </test> <!-- Default test -->
  </suite> <!-- Default suite -->
</testng-results>
